<?xml version="1.0" encoding="UTF-8"?>
<!-- Generated by org.testng.reporters.JUnitXMLReporter -->
<testsuite hostname="Admin" name="Default test" tests="5" failures="0" timestamp="26 May 2021 09:06:51 GMT" time="69.756" errors="0">
  <testcase name="LoginKhongNhapPass" time="1.47" classname="automation.Login"/>
  <testcase name="LoginKhongNhapUser" time="1.038" classname="automation.Login"/>
  <testcase name="LoginThanhCong" time="8.006" classname="automation.Login"/>
  <testcase name="LoginThanhCongEditor" time="7.439" classname="automation.Login"/>
  <testcase name="LogoutThanhCong" time="15.018" classname="automation.Login"/>
</testsuite> <!-- Default test -->
